
> inklo@1.0.0 dev:realtime D:\Projects\Dream Project\inklo
> pnpm --filter @inlko/realtime dev


> @inlko/realtime@1.0.0 dev D:\Projects\Dream Project\inklo\services\realtime
> tsx watch src/index.ts

1:05:14 am [tsx] change in ./..\..\packages\shared\dist\index.js Rerunning...
c1:27:25 am [tsx] unlink in ./..\..\node_modules\.pnpm\tsx@4.21.0\node_modules\tsx\dist\lexer-DQCqS3nf.mjs Rerunning...
c1:27:25 am [tsx] unlink in ./..\..\node_modules\.pnpm\zod@4.3.6\node_modules\zod\index.js Rerunning...
c1:27:27 am [tsx] unlink in ./..\..\node_modules\nanoid\url-alphabet\index.js Rerunning...
c1:40:04 am [tsx] change in ./src\index.ts Rerunning...
c1:40:35 am [tsx] change in ./src\index.ts Rerunning...
c1:41:19 am [tsx] change in ./src\index.ts Rerunning...
c1:41:55 am [tsx] change in ./src\index.ts Rerunning...
c1:58:30 am [tsx] change in ./..\..\packages\shared\dist\index.js Rerunning...
c2:20:15 am [tsx] change in ./..\..\packages\shared\dist\index.js Rerunning...
c2:20:33 am [tsx] change in ./..\..\packages\shared\dist\index.js Rerunning...
c2:21:08 am [tsx] change in ./src\index.ts Rerunning...
c2:22:16 am [tsx] change in ./src\index.ts Rerunning...
c2:22:56 am [tsx] change in ./src\index.ts Rerunning...
c2:23:38 am [tsx] change in ./src\index.ts Rerunning...
c ELIFECYCLE  Command failed with exit code 1073807364.
