node:events:496
      throw er; // Unhandled 'error' event
      ^

Error: listen EADDRINUSE: address already in use :::8080
    at Server.setupListenHandle [as _listen2] (node:net:1937:16)
    at listenInCluster (node:net:1994:12)
    at Server.listen (node:net:2099:7)
    at <anonymous> (D:\Projects\Dream Project\inklo\services\realtime\src\index.ts:238:8)
    at ModuleJob.run (node:internal/modules/esm/module_job:271:25)
    at async onImport.tracePromise.__proto__ (node:internal/modules/esm/loader:578:26)
    at async asyncRunEntryPointWithESMLoader (node:internal/modules/run_main:116:5)
Emitted 'error' event on WebSocketServer instance at:
    at Server.emit (node:events:518:28)
    at emitErrorNT (node:net:1973:8)
    at process.processTicksAndRejections (node:internal/process/task_queues:90:21) {
  code: 'EADDRINUSE',
  errno: -4091,
  syscall: 'listen',
  address: '::',
  port: 8080
}

Node.js v22.14.0
node:events:496
      throw er; // Unhandled 'error' event
      ^

Error: listen EADDRINUSE: address already in use :::8080
    at Server.setupListenHandle [as _listen2] (node:net:1937:16)
    at listenInCluster (node:net:1994:12)
    at Server.listen (node:net:2099:7)
    at <anonymous> (D:\Projects\Dream Project\inklo\services\realtime\src\index.ts:238:8)
    at ModuleJob.run (node:internal/modules/esm/module_job:271:25)
    at async onImport.tracePromise.__proto__ (node:internal/modules/esm/loader:578:26)
    at async asyncRunEntryPointWithESMLoader (node:internal/modules/run_main:116:5)
Emitted 'error' event on WebSocketServer instance at:
    at Server.emit (node:events:518:28)
    at emitErrorNT (node:net:1973:8)
    at process.processTicksAndRejections (node:internal/process/task_queues:90:21) {
  code: 'EADDRINUSE',
  errno: -4091,
  syscall: 'listen',
  address: '::',
  port: 8080
}

Node.js v22.14.0
node:internal/modules/cjs/loader:1228
  throw err;
  ^

Error: Cannot find module 'D:\Projects\Dream Project\inklo\node_modules\.pnpm\tsx@4.21.0\node_modules\tsx\dist\preflight.cjs'
Require stack:
- internal/preload
    at Function._resolveFilename (node:internal/modules/cjs/loader:1225:15)
    at Function._load (node:internal/modules/cjs/loader:1055:27)
    at TracingChannel.traceSync (node:diagnostics_channel:322:14)
    at wrapModuleLoad (node:internal/modules/cjs/loader:220:24)
    at Module.require (node:internal/modules/cjs/loader:1311:12)
    at node:internal/modules/cjs/loader:1856:12
    at loadPreloadModules (node:internal/process/pre_execution:734:5)
    at setupUserModules (node:internal/process/pre_execution:206:5)
    at prepareExecution (node:internal/process/pre_execution:159:5)
    at prepareMainThreadExecution (node:internal/process/pre_execution:54:10) {
  code: 'MODULE_NOT_FOUND',
  requireStack: [ 'internal/preload' ]
}

Node.js v22.14.0
node:internal/modules/cjs/loader:1228
  throw err;
  ^

Error: Cannot find module 'D:\Projects\Dream Project\inklo\node_modules\.pnpm\tsx@4.21.0\node_modules\tsx\dist\preflight.cjs'
Require stack:
- internal/preload
    at Function._resolveFilename (node:internal/modules/cjs/loader:1225:15)
    at Function._load (node:internal/modules/cjs/loader:1055:27)
    at TracingChannel.traceSync (node:diagnostics_channel:322:14)
    at wrapModuleLoad (node:internal/modules/cjs/loader:220:24)
    at Module.require (node:internal/modules/cjs/loader:1311:12)
    at node:internal/modules/cjs/loader:1856:12
    at loadPreloadModules (node:internal/process/pre_execution:734:5)
    at setupUserModules (node:internal/process/pre_execution:206:5)
    at prepareExecution (node:internal/process/pre_execution:159:5)
    at prepareMainThreadExecution (node:internal/process/pre_execution:54:10) {
  code: 'MODULE_NOT_FOUND',
  requireStack: [ 'internal/preload' ]
}

Node.js v22.14.0
node:internal/modules/cjs/loader:1228
  throw err;
  ^

Error: Cannot find module 'D:\Projects\Dream Project\inklo\node_modules\.pnpm\tsx@4.21.0\node_modules\tsx\dist\preflight.cjs'
Require stack:
- internal/preload
    at Function._resolveFilename (node:internal/modules/cjs/loader:1225:15)
    at Function._load (node:internal/modules/cjs/loader:1055:27)
    at TracingChannel.traceSync (node:diagnostics_channel:322:14)
    at wrapModuleLoad (node:internal/modules/cjs/loader:220:24)
    at Module.require (node:internal/modules/cjs/loader:1311:12)
    at node:internal/modules/cjs/loader:1856:12
    at loadPreloadModules (node:internal/process/pre_execution:734:5)
    at setupUserModules (node:internal/process/pre_execution:206:5)
    at prepareExecution (node:internal/process/pre_execution:159:5)
    at prepareMainThreadExecution (node:internal/process/pre_execution:54:10) {
  code: 'MODULE_NOT_FOUND',
  requireStack: [ 'internal/preload' ]
}

Node.js v22.14.0
node:internal/modules/cjs/loader:1228
  throw err;
  ^

Error: Cannot find module 'D:\Projects\Dream Project\inklo\node_modules\.pnpm\tsx@4.21.0\node_modules\tsx\dist\preflight.cjs'
Require stack:
- internal/preload
    at Function._resolveFilename (node:internal/modules/cjs/loader:1225:15)
    at Function._load (node:internal/modules/cjs/loader:1055:27)
    at TracingChannel.traceSync (node:diagnostics_channel:322:14)
    at wrapModuleLoad (node:internal/modules/cjs/loader:220:24)
    at Module.require (node:internal/modules/cjs/loader:1311:12)
    at node:internal/modules/cjs/loader:1856:12
    at loadPreloadModules (node:internal/process/pre_execution:734:5)
    at setupUserModules (node:internal/process/pre_execution:206:5)
    at prepareExecution (node:internal/process/pre_execution:159:5)
    at prepareMainThreadExecution (node:internal/process/pre_execution:54:10) {
  code: 'MODULE_NOT_FOUND',
  requireStack: [ 'internal/preload' ]
}

Node.js v22.14.0
node:internal/modules/cjs/loader:1228
  throw err;
  ^

Error: Cannot find module 'D:\Projects\Dream Project\inklo\node_modules\.pnpm\tsx@4.21.0\node_modules\tsx\dist\preflight.cjs'
Require stack:
- internal/preload
    at Function._resolveFilename (node:internal/modules/cjs/loader:1225:15)
    at Function._load (node:internal/modules/cjs/loader:1055:27)
    at TracingChannel.traceSync (node:diagnostics_channel:322:14)
    at wrapModuleLoad (node:internal/modules/cjs/loader:220:24)
    at Module.require (node:internal/modules/cjs/loader:1311:12)
    at node:internal/modules/cjs/loader:1856:12
    at loadPreloadModules (node:internal/process/pre_execution:734:5)
    at setupUserModules (node:internal/process/pre_execution:206:5)
    at prepareExecution (node:internal/process/pre_execution:159:5)
    at prepareMainThreadExecution (node:internal/process/pre_execution:54:10) {
  code: 'MODULE_NOT_FOUND',
  requireStack: [ 'internal/preload' ]
}

Node.js v22.14.0
node:internal/modules/cjs/loader:1228
  throw err;
  ^

Error: Cannot find module 'D:\Projects\Dream Project\inklo\node_modules\.pnpm\tsx@4.21.0\node_modules\tsx\dist\preflight.cjs'
Require stack:
- internal/preload
    at Function._resolveFilename (node:internal/modules/cjs/loader:1225:15)
    at Function._load (node:internal/modules/cjs/loader:1055:27)
    at TracingChannel.traceSync (node:diagnostics_channel:322:14)
    at wrapModuleLoad (node:internal/modules/cjs/loader:220:24)
    at Module.require (node:internal/modules/cjs/loader:1311:12)
    at node:internal/modules/cjs/loader:1856:12
    at loadPreloadModules (node:internal/process/pre_execution:734:5)
    at setupUserModules (node:internal/process/pre_execution:206:5)
    at prepareExecution (node:internal/process/pre_execution:159:5)
    at prepareMainThreadExecution (node:internal/process/pre_execution:54:10) {
  code: 'MODULE_NOT_FOUND',
  requireStack: [ 'internal/preload' ]
}

Node.js v22.14.0
node:internal/modules/cjs/loader:1228
  throw err;
  ^

Error: Cannot find module 'D:\Projects\Dream Project\inklo\node_modules\.pnpm\tsx@4.21.0\node_modules\tsx\dist\preflight.cjs'
Require stack:
- internal/preload
    at Function._resolveFilename (node:internal/modules/cjs/loader:1225:15)
    at Function._load (node:internal/modules/cjs/loader:1055:27)
    at TracingChannel.traceSync (node:diagnostics_channel:322:14)
    at wrapModuleLoad (node:internal/modules/cjs/loader:220:24)
    at Module.require (node:internal/modules/cjs/loader:1311:12)
    at node:internal/modules/cjs/loader:1856:12
    at loadPreloadModules (node:internal/process/pre_execution:734:5)
    at setupUserModules (node:internal/process/pre_execution:206:5)
    at prepareExecution (node:internal/process/pre_execution:159:5)
    at prepareMainThreadExecution (node:internal/process/pre_execution:54:10) {
  code: 'MODULE_NOT_FOUND',
  requireStack: [ 'internal/preload' ]
}

Node.js v22.14.0
node:internal/modules/cjs/loader:1228
  throw err;
  ^

Error: Cannot find module 'D:\Projects\Dream Project\inklo\node_modules\.pnpm\tsx@4.21.0\node_modules\tsx\dist\preflight.cjs'
Require stack:
- internal/preload
    at Function._resolveFilename (node:internal/modules/cjs/loader:1225:15)
    at Function._load (node:internal/modules/cjs/loader:1055:27)
    at TracingChannel.traceSync (node:diagnostics_channel:322:14)
    at wrapModuleLoad (node:internal/modules/cjs/loader:220:24)
    at Module.require (node:internal/modules/cjs/loader:1311:12)
    at node:internal/modules/cjs/loader:1856:12
    at loadPreloadModules (node:internal/process/pre_execution:734:5)
    at setupUserModules (node:internal/process/pre_execution:206:5)
    at prepareExecution (node:internal/process/pre_execution:159:5)
    at prepareMainThreadExecution (node:internal/process/pre_execution:54:10) {
  code: 'MODULE_NOT_FOUND',
  requireStack: [ 'internal/preload' ]
}

Node.js v22.14.0
node:internal/modules/cjs/loader:1228
  throw err;
  ^

Error: Cannot find module 'D:\Projects\Dream Project\inklo\node_modules\.pnpm\tsx@4.21.0\node_modules\tsx\dist\preflight.cjs'
Require stack:
- internal/preload
    at Function._resolveFilename (node:internal/modules/cjs/loader:1225:15)
    at Function._load (node:internal/modules/cjs/loader:1055:27)
    at TracingChannel.traceSync (node:diagnostics_channel:322:14)
    at wrapModuleLoad (node:internal/modules/cjs/loader:220:24)
    at Module.require (node:internal/modules/cjs/loader:1311:12)
    at node:internal/modules/cjs/loader:1856:12
    at loadPreloadModules (node:internal/process/pre_execution:734:5)
    at setupUserModules (node:internal/process/pre_execution:206:5)
    at prepareExecution (node:internal/process/pre_execution:159:5)
    at prepareMainThreadExecution (node:internal/process/pre_execution:54:10) {
  code: 'MODULE_NOT_FOUND',
  requireStack: [ 'internal/preload' ]
}

Node.js v22.14.0
node:internal/modules/cjs/loader:1228
  throw err;
  ^

Error: Cannot find module 'D:\Projects\Dream Project\inklo\node_modules\.pnpm\tsx@4.21.0\node_modules\tsx\dist\preflight.cjs'
Require stack:
- internal/preload
    at Function._resolveFilename (node:internal/modules/cjs/loader:1225:15)
    at Function._load (node:internal/modules/cjs/loader:1055:27)
    at TracingChannel.traceSync (node:diagnostics_channel:322:14)
    at wrapModuleLoad (node:internal/modules/cjs/loader:220:24)
    at Module.require (node:internal/modules/cjs/loader:1311:12)
    at node:internal/modules/cjs/loader:1856:12
    at loadPreloadModules (node:internal/process/pre_execution:734:5)
    at setupUserModules (node:internal/process/pre_execution:206:5)
    at prepareExecution (node:internal/process/pre_execution:159:5)
    at prepareMainThreadExecution (node:internal/process/pre_execution:54:10) {
  code: 'MODULE_NOT_FOUND',
  requireStack: [ 'internal/preload' ]
}

Node.js v22.14.0
node:internal/modules/cjs/loader:1228
  throw err;
  ^

Error: Cannot find module 'D:\Projects\Dream Project\inklo\node_modules\.pnpm\tsx@4.21.0\node_modules\tsx\dist\preflight.cjs'
Require stack:
- internal/preload
    at Function._resolveFilename (node:internal/modules/cjs/loader:1225:15)
    at Function._load (node:internal/modules/cjs/loader:1055:27)
    at TracingChannel.traceSync (node:diagnostics_channel:322:14)
    at wrapModuleLoad (node:internal/modules/cjs/loader:220:24)
    at Module.require (node:internal/modules/cjs/loader:1311:12)
    at node:internal/modules/cjs/loader:1856:12
    at loadPreloadModules (node:internal/process/pre_execution:734:5)
    at setupUserModules (node:internal/process/pre_execution:206:5)
    at prepareExecution (node:internal/process/pre_execution:159:5)
    at prepareMainThreadExecution (node:internal/process/pre_execution:54:10) {
  code: 'MODULE_NOT_FOUND',
  requireStack: [ 'internal/preload' ]
}

Node.js v22.14.0
node:internal/modules/cjs/loader:1228
  throw err;
  ^

Error: Cannot find module 'D:\Projects\Dream Project\inklo\node_modules\.pnpm\tsx@4.21.0\node_modules\tsx\dist\preflight.cjs'
Require stack:
- internal/preload
    at Function._resolveFilename (node:internal/modules/cjs/loader:1225:15)
    at Function._load (node:internal/modules/cjs/loader:1055:27)
    at TracingChannel.traceSync (node:diagnostics_channel:322:14)
    at wrapModuleLoad (node:internal/modules/cjs/loader:220:24)
    at Module.require (node:internal/modules/cjs/loader:1311:12)
    at node:internal/modules/cjs/loader:1856:12
    at loadPreloadModules (node:internal/process/pre_execution:734:5)
    at setupUserModules (node:internal/process/pre_execution:206:5)
    at prepareExecution (node:internal/process/pre_execution:159:5)
    at prepareMainThreadExecution (node:internal/process/pre_execution:54:10) {
  code: 'MODULE_NOT_FOUND',
  requireStack: [ 'internal/preload' ]
}

Node.js v22.14.0
node:internal/modules/cjs/loader:1228
  throw err;
  ^

Error: Cannot find module 'D:\Projects\Dream Project\inklo\node_modules\.pnpm\tsx@4.21.0\node_modules\tsx\dist\preflight.cjs'
Require stack:
- internal/preload
    at Function._resolveFilename (node:internal/modules/cjs/loader:1225:15)
    at Function._load (node:internal/modules/cjs/loader:1055:27)
    at TracingChannel.traceSync (node:diagnostics_channel:322:14)
    at wrapModuleLoad (node:internal/modules/cjs/loader:220:24)
    at Module.require (node:internal/modules/cjs/loader:1311:12)
    at node:internal/modules/cjs/loader:1856:12
    at loadPreloadModules (node:internal/process/pre_execution:734:5)
    at setupUserModules (node:internal/process/pre_execution:206:5)
    at prepareExecution (node:internal/process/pre_execution:159:5)
    at prepareMainThreadExecution (node:internal/process/pre_execution:54:10) {
  code: 'MODULE_NOT_FOUND',
  requireStack: [ 'internal/preload' ]
}

Node.js v22.14.0
