
> inklo@1.0.0 dev:web D:\Projects\Dream Project\inklo
> pnpm --filter @inlko/web dev


> @inlko/web@0.0.0 dev D:\Projects\Dream Project\inklo\apps\web
> vite

Port 5173 is in use, trying another one...
Port 5174 is in use, trying another one...
Port 5175 is in use, trying another one...
Port 5176 is in use, trying another one...

  [32m[1mROLLDOWN-VITE[22m v7.2.5[39m  [2mready in [0m[1m203[22m[2m[0m ms[22m

  [32m➜[39m  [1mLocal[22m:   [36mhttp://localhost:[1m5177[22m/[39m
[2m  [32m➜[39m  [1mNetwork[22m[2m: use [22m[1m--host[22m[2m to expose[22m
[2m1:05:14 am[22m [36m[1m[vite][22m[39m [90m[2m(client)[22m[39m [32mhmr update [39m[2m/src/ts/features/meeting/App.tsx, /src/ts/features/whiteboard/WhiteboardCanvas.tsx[22m
[2m1:05:14 am[22m [36m[1m[vite][22m[39m [90m[2m(client)[22m[39m [32mhmr update [39m[2m/src/ts/features/meeting/App.tsx, /src/ts/features/whiteboard/WhiteboardCanvas.tsx[22m
[2m1:32:45 am[22m [36m[1m[vite][22m[39m [90m[2m(client)[22m[39m [32mhmr update [39m[2m/src/css/app.css[22m
[2m1:33:38 am[22m [36m[1m[vite][22m[39m [90m[2m(client)[22m[39m [32mhmr update [39m[2m/src/ts/features/meeting/App.tsx[22m
[2m1:42:25 am[22m [36m[1m[vite][22m[39m [90m[2m(client)[22m[39m [32mhmr update [39m[2m/src/ts/features/whiteboard/WhiteboardCanvas.tsx[22m
[2m1:43:13 am[22m [36m[1m[vite][22m[39m [90m[2m(client)[22m[39m [32mhmr update [39m[2m/src/ts/features/meeting/App.tsx[22m
[2m1:58:30 am[22m [36m[1m[vite][22m[39m [90m[2m(client)[22m[39m [32mhmr update [39m[2m/src/ts/features/meeting/App.tsx, /src/ts/features/whiteboard/WhiteboardCanvas.tsx[22m
[2m1:58:30 am[22m [36m[1m[vite][22m[39m [90m[2m(client)[22m[39m [32mhmr update [39m[2m/src/ts/features/meeting/App.tsx, /src/ts/features/whiteboard/WhiteboardCanvas.tsx[22m
[2m2:02:17 am[22m [36m[1m[vite][22m[39m [32mvite.config.ts changed, restarting server...[39m
[2m2:02:17 am[22m [36m[1m[vite][22m[39m server restarted.
 ELIFECYCLE  Command failed with exit code 1073807364.
